npm verb cli /usr/bin/node /usr/bin/npm
npm info using npm@9.2.0
npm info using node@v18.19.1
npm verb title npm install
npm verb argv "install" "--loglevel" "verbose"
npm verb logfile logs-max:10 dir:/home/user/.npm/_logs/2026-02-23T04_55_09_673Z-
npm verb logfile /home/user/.npm/_logs/2026-02-23T04_55_09_673Z-debug-0.log
npm http fetch GET 200 https://registry.npmjs.org/react 12ms (cache hit)
npm http fetch GET 200 https://registry.npmjs.org/react-dom 7ms (cache hit)
npm http fetch GET 200 https://registry.npmjs.org/@types%2freact 3ms (cache hit)
npm http fetch GET 200 https://registry.npmjs.org/@types%2freact-dom 1ms (cache hit)
npm http fetch GET 200 https://registry.npmjs.org/@vitejs%2fplugin-react 788ms (cache miss)
npm http fetch GET 200 https://registry.npmjs.org/vite 550ms (cache miss)
npm http fetch GET 200 https://registry.npmjs.org/@types%2fnode 2183ms (cache miss)
npm http fetch GET 200 https://registry.npmjs.org/less 479ms (cache miss)
npm http fetch GET 200 https://registry.npmjs.org/lightningcss 1062ms (cache miss)
npm http fetch GET 200 https://registry.npmjs.org/sass 632ms (cache miss)
npm http fetch GET 200 https://registry.npmjs.org/sass-embedded 1172ms (cache miss)
npm http fetch GET 200 https://registry.npmjs.org/stylus 204ms (cache miss)
npm http fetch GET 200 https://registry.npmjs.org/sugarss 423ms (cache miss)
npm http fetch GET 200 https://registry.npmjs.org/postcss 560ms (cache miss)
npm http fetch GET 200 https://registry.npmjs.org/terser 316ms (cache miss)
npm http fetch GET 200 https://registry.npmjs.org/eslint 751ms (cache miss)
npm http fetch GET 200 https://registry.npmjs.org/eslint-plugin-react 195ms (cache miss)
npm http fetch GET 200 https://registry.npmjs.org/eslint-plugin-react-hooks 4133ms (cache miss)
npm http fetch GET 200 https://registry.npmjs.org/eslint-plugin-react-refresh 93ms (cache miss)
npm http fetch GET 200 https://registry.npmjs.org/csstype 66ms (cache hit)
npm http fetch GET 200 https://registry.npmjs.org/@types%2fprop-types 159ms (cache miss)
npm http fetch GET 200 https://registry.npmjs.org/@types%2fbabel__core 305ms (cache miss)
npm http fetch GET 200 https://registry.npmjs.org/fsevents 595ms (cache miss)
npm http fetch GET 200 https://registry.npmjs.org/levn 783ms (cache miss)
npm http fetch GET 200 https://registry.npmjs.org/chalk 1159ms (cache miss)
npm http fetch GET 200 https://registry.npmjs.org/debug 1160ms (cache miss)
npm http fetch GET 200 https://registry.npmjs.org/espree 1475ms (cache miss)
npm http fetch GET 200 https://registry.npmjs.org/@rolldown%2fpluginutils 1535ms (cache miss)
npm http fetch GET 200 https://registry.npmjs.org/ignore 1857ms (cache miss)
npm http fetch GET 200 https://registry.npmjs.org/@babel%2fplugin-transform-react-jsx-self 1875ms (cache miss)
npm http fetch GET 200 https://registry.npmjs.org/esquery 1936ms (cache miss)
npm http fetch GET 200 https://registry.npmjs.org/@babel%2fplugin-transform-react-jsx-source 2058ms (cache miss)
npm http fetch GET 200 https://registry.npmjs.org/esutils 2100ms (cache miss)
npm http fetch GET 200 https://registry.npmjs.org/find-up 2174ms (cache miss)
npm http fetch GET 200 https://registry.npmjs.org/is-glob 2330ms (cache miss)
npm http fetch GET 200 https://registry.npmjs.org/doctrine 2927ms (cache miss)
npm http fetch GET 200 https://registry.npmjs.org/graphemer 3260ms (cache miss)
npm http fetch GET 200 https://registry.npmjs.org/@eslint%2fjs 3466ms (cache miss)
npm http fetch GET 200 https://registry.npmjs.org/optionator 3525ms (cache miss)
npm http fetch GET 200 https://registry.npmjs.org/strip-ansi 3533ms (cache miss)
npm http fetch GET 200 https://registry.npmjs.org/text-table 3545ms (cache miss)
npm http fetch GET 200 https://registry.npmjs.org/globals 3567ms (cache miss)
npm http fetch GET 200 https://registry.npmjs.org/cross-spawn 3576ms (cache miss)
npm http fetch GET 200 https://registry.npmjs.org/@babel%2fcore 3615ms (cache miss)
npm http fetch GET 200 https://registry.npmjs.org/js-yaml 3662ms (cache miss)
npm http fetch GET 200 https://registry.npmjs.org/glob-parent 3692ms (cache miss)
npm http fetch GET 200 https://registry.npmjs.org/ajv 4246ms (cache miss)
npm http fetch GET 200 https://registry.npmjs.org/imurmurhash 4249ms (cache miss)
npm http fetch GET 200 https://registry.npmjs.org/minimatch 4306ms (cache miss)
npm http fetch GET 200 https://registry.npmjs.org/lodash.merge 4495ms (cache miss)
npm http fetch GET 200 https://registry.npmjs.org/fast-deep-equal 4563ms (cache miss)
npm http fetch GET 200 https://registry.npmjs.org/is-path-inside 4563ms (cache miss)
npm http fetch GET 200 https://registry.npmjs.org/natural-compare 4570ms (cache miss)
npm http fetch GET 200 https://registry.npmjs.org/@nodelib%2ffs.walk 4844ms (cache miss)
npm http fetch GET 200 https://registry.npmjs.org/file-entry-cache 5445ms (cache miss)
npm http fetch GET 200 https://registry.npmjs.org/eslint-visitor-keys 5545ms (cache miss)
npm http fetch GET 200 https://registry.npmjs.org/escape-string-regexp 5601ms (cache miss)
npm http fetch GET 200 https://registry.npmjs.org/@ungap%2fstructured-clone 5611ms (cache miss)
npm http fetch GET 200 https://registry.npmjs.org/@eslint-community%2fregexpp 5895ms (cache miss)
npm http fetch GET 200 https://registry.npmjs.org/eslint-scope 5933ms (cache miss)
npm http fetch GET 200 https://registry.npmjs.org/json-stable-stringify-without-jsonify 6078ms (cache miss)
npm http fetch GET 200 https://registry.npmjs.org/@eslint-community%2feslint-utils 6128ms (cache miss)
npm http fetch GET 200 https://registry.npmjs.org/@eslint%2feslintrc 6200ms (cache miss)
npm http fetch GET 200 https://registry.npmjs.org/@humanwhocodes%2fmodule-importer 6197ms (cache miss)
npm http fetch GET 200 https://registry.npmjs.org/esbuild 6246ms (cache miss)
npm http fetch GET 200 https://registry.npmjs.org/array.prototype.findlast 6313ms (cache miss)
npm http fetch GET 200 https://registry.npmjs.org/array.prototype.flatmap 6322ms (cache miss)
npm http fetch GET 200 https://registry.npmjs.org/array.prototype.tosorted 6433ms (cache miss)
npm http fetch GET 200 https://registry.npmjs.org/doctrine 6435ms (cache miss)
npm http fetch GET 200 https://registry.npmjs.org/es-iterator-helpers 6575ms (cache miss)
npm http fetch GET 200 https://registry.npmjs.org/estraverse 6590ms (cache miss)
npm http fetch GET 200 https://registry.npmjs.org/hasown 6601ms (cache miss)
npm http fetch GET 200 https://registry.npmjs.org/@humanwhocodes%2fconfig-array 6608ms (cache miss)
npm http fetch GET 200 https://registry.npmjs.org/jsx-ast-utils 6726ms (cache miss)
npm http fetch GET 200 https://registry.npmjs.org/array-includes 6739ms (cache miss)
npm http fetch GET 200 https://registry.npmjs.org/object.entries 6973ms (cache miss)
npm http fetch GET 200 https://registry.npmjs.org/object.fromentries 7009ms (cache miss)
npm http fetch GET 200 https://registry.npmjs.org/object.values 7116ms (cache miss)
npm http fetch GET 200 https://registry.npmjs.org/prop-types 7140ms (cache miss)
npm http fetch GET 200 https://registry.npmjs.org/resolve 7409ms (cache miss)
npm http fetch GET 200 https://registry.npmjs.org/semver 7689ms (cache miss)
npm http fetch GET 200 https://registry.npmjs.org/string.prototype.matchall 7693ms (cache miss)
npm http fetch GET 200 https://registry.npmjs.org/string.prototype.repeat 7905ms (cache miss)
npm http fetch GET 200 https://registry.npmjs.org/loose-envify 7908ms (cache miss)
npm http fetch GET 200 https://registry.npmjs.org/rollup 8286ms (cache miss)
npm http fetch GET 200 https://registry.npmjs.org/scheduler 11396ms (cache miss)
npm http fetch GET 200 https://registry.npmjs.org/react-refresh 14138ms (cache miss)
npm http fetch GET 200 https://registry.npmjs.org/gensync 101ms (cache miss)
npm http fetch GET 200 https://registry.npmjs.org/convert-source-map 427ms (cache miss)
npm http fetch GET 200 https://registry.npmjs.org/@jridgewell%2fremapping 629ms (cache miss)
npm http fetch GET 200 https://registry.npmjs.org/@babel%2fcode-frame 668ms (cache miss)
npm http fetch GET 200 https://registry.npmjs.org/@babel%2fhelper-compilation-targets 667ms (cache miss)
npm http fetch GET 200 https://registry.npmjs.org/json5 675ms (cache miss)
npm http fetch GET 200 https://registry.npmjs.org/@babel%2fhelper-plugin-utils 671ms (cache miss)
npm http fetch GET 200 https://registry.npmjs.org/@babel%2fparser 688ms (cache miss)
npm http fetch GET 200 https://registry.npmjs.org/@babel%2fparser 705ms (cache miss)
npm http fetch GET 200 https://registry.npmjs.org/@babel%2ftemplate 705ms (cache miss)
npm http fetch GET 200 https://registry.npmjs.org/@types%2fbabel__traverse 746ms (cache miss)
npm http fetch GET 200 https://registry.npmjs.org/@babel%2fgenerator 764ms (cache miss)
npm http fetch GET 200 https://registry.npmjs.org/@types%2fbabel__template 829ms (cache miss)
npm http fetch GET 200 https://registry.npmjs.org/@babel%2ftypes 848ms (cache miss)
npm http fetch GET 200 https://registry.npmjs.org/@babel%2ftraverse 895ms (cache miss)
npm http fetch GET 200 https://registry.npmjs.org/@types%2fbabel__generator 946ms (cache miss)
npm http fetch GET 200 https://registry.npmjs.org/@babel%2fhelper-module-transforms 961ms (cache miss)
npm http fetch GET 200 https://registry.npmjs.org/@babel%2fhelpers 1026ms (cache miss)
npm http fetch GET 200 https://registry.npmjs.org/@babel%2ftypes 1028ms (cache miss)
npm http fetch GET 200 https://registry.npmjs.org/js-tokens 105ms (cache miss)
npm http fetch GET 200 https://registry.npmjs.org/picocolors 119ms (cache miss)
npm http fetch GET 200 https://registry.npmjs.org/jsesc 128ms (cache miss)
npm http fetch GET 200 https://registry.npmjs.org/@babel%2fhelper-validator-identifier 130ms (cache miss)
npm http fetch GET 200 https://registry.npmjs.org/@jridgewell%2fgen-mapping 135ms (cache miss)
npm http fetch GET 200 https://registry.npmjs.org/@jridgewell%2ftrace-mapping 157ms (cache miss)
npm http fetch GET 200 https://registry.npmjs.org/ms 173ms (cache miss)
npm http fetch GET 200 https://registry.npmjs.org/browserslist 195ms (cache miss)
npm http fetch GET 200 https://registry.npmjs.org/@babel%2fcompat-data 194ms (cache miss)
npm http fetch GET 200 https://registry.npmjs.org/@babel%2fhelper-module-imports 195ms (cache miss)
npm http fetch GET 200 https://registry.npmjs.org/@babel%2fhelper-validator-option 196ms (cache miss)
npm http fetch GET 200 https://registry.npmjs.org/@babel%2fhelper-string-parser 195ms (cache miss)
npm http fetch GET 200 https://registry.npmjs.org/lru-cache 200ms (cache miss)
npm http fetch GET 200 https://registry.npmjs.org/@jridgewell%2ftrace-mapping 197ms (cache miss)
npm http fetch GET 200 https://registry.npmjs.org/@jridgewell%2fgen-mapping 201ms (cache miss)
npm http fetch GET 200 https://registry.npmjs.org/@babel%2fhelper-globals 505ms (cache miss)
npm http fetch GET 200 https://registry.npmjs.org/@jridgewell%2fsourcemap-codec 95ms (cache miss)
npm http fetch GET 200 https://registry.npmjs.org/@jridgewell%2fsourcemap-codec 98ms (cache miss)
npm http fetch GET 200 https://registry.npmjs.org/@jridgewell%2fresolve-uri 143ms (cache miss)
npm http fetch GET 200 https://registry.npmjs.org/yallist 98ms (cache miss)
npm http fetch GET 200 https://registry.npmjs.org/update-browserslist-db 107ms (cache miss)
npm http fetch GET 200 https://registry.npmjs.org/node-releases 118ms (cache miss)
npm http fetch GET 200 https://registry.npmjs.org/baseline-browser-mapping 220ms (cache miss)
npm http fetch GET 200 https://registry.npmjs.org/electron-to-chromium 426ms (cache miss)
npm http fetch GET 200 https://registry.npmjs.org/caniuse-lite 634ms (cache miss)
npm http fetch GET 200 https://registry.npmjs.org/escalade 99ms (cache miss)
npm http fetch GET 200 https://registry.npmjs.org/jiti 216ms (cache miss)
npm http fetch GET 200 https://registry.npmjs.org/import-fresh 415ms (cache miss)
npm http fetch GET 200 https://registry.npmjs.org/strip-json-comments 429ms (cache miss)
npm http fetch GET 200 https://registry.npmjs.org/fast-json-stable-stringify 434ms (cache miss)
npm http fetch GET 200 https://registry.npmjs.org/uri-js 435ms (cache miss)
npm http fetch GET 200 https://registry.npmjs.org/fastq 438ms (cache miss)
npm http fetch GET 200 https://registry.npmjs.org/supports-color 437ms (cache miss)
npm http fetch GET 200 https://registry.npmjs.org/ansi-styles 442ms (cache miss)
npm http fetch GET 200 https://registry.npmjs.org/json-schema-traverse 443ms (cache miss)
npm http fetch GET 200 https://registry.npmjs.org/esrecurse 442ms (cache miss)
npm http fetch GET 200 https://registry.npmjs.org/path-key 443ms (cache miss)
npm http fetch GET 200 https://registry.npmjs.org/shebang-command 442ms (cache miss)
npm http fetch GET 200 https://registry.npmjs.org/which 444ms (cache miss)
npm http fetch GET 200 https://registry.npmjs.org/@humanwhocodes%2fobject-schema 466ms (cache miss)
npm http fetch GET 200 https://registry.npmjs.org/acorn 530ms (cache miss)
npm http fetch GET 200 https://registry.npmjs.org/@nodelib%2ffs.scandir 782ms (cache miss)
npm http fetch GET 200 https://registry.npmjs.org/acorn-jsx 1034ms (cache miss)
npm http fetch GET 200 https://registry.npmjs.org/flat-cache 1032ms (cache miss)
npm http fetch GET 200 https://registry.npmjs.org/prelude-ls 1060ms (cache miss)
npm http fetch GET 200 https://registry.npmjs.org/path-exists 1061ms (cache miss)
npm http fetch GET 200 https://registry.npmjs.org/is-extglob 1060ms (cache miss)
npm http fetch GET 200 https://registry.npmjs.org/locate-path 1062ms (cache miss)
npm http fetch GET 200 https://registry.npmjs.org/argparse 1061ms (cache miss)
npm http fetch GET 200 https://registry.npmjs.org/type-check 1068ms (cache miss)
npm http fetch GET 200 https://registry.npmjs.org/brace-expansion 1075ms (cache miss)
npm http fetch GET 200 https://registry.npmjs.org/word-wrap 1075ms (cache miss)
npm http fetch GET 200 https://registry.npmjs.org/deep-is 1075ms (cache miss)
npm http fetch GET 200 https://registry.npmjs.org/ansi-regex 1109ms (cache miss)
npm http fetch GET 200 https://registry.npmjs.org/fast-levenshtein 1116ms (cache miss)
npm http fetch GET 200 https://registry.npmjs.org/type-check 1118ms (cache miss)
npm http fetch GET 200 https://registry.npmjs.org/type-fest 1143ms (cache miss)
npm http fetch GET 200 https://registry.npmjs.org/parent-module 76ms (cache miss)
npm http fetch GET 200 https://registry.npmjs.org/resolve-from 102ms (cache miss)
npm http fetch GET 200 https://registry.npmjs.org/@nodelib%2ffs.stat 94ms (cache miss)
npm http fetch GET 200 https://registry.npmjs.org/reusify 95ms (cache miss)
npm http fetch GET 200 https://registry.npmjs.org/run-parallel 114ms (cache miss)
npm http fetch GET 200 https://registry.npmjs.org/queue-microtask 90ms (cache miss)
npm http fetch GET 200 https://registry.npmjs.org/punycode 98ms (cache miss)
npm http fetch GET 200 https://registry.npmjs.org/color-convert 85ms (cache miss)
npm http fetch GET 200 https://registry.npmjs.org/has-flag 100ms (cache miss)
npm http fetch GET 200 https://registry.npmjs.org/color-name 92ms (cache miss)
npm http fetch GET 200 https://registry.npmjs.org/shebang-regex 86ms (cache miss)
npm http fetch GET 200 https://registry.npmjs.org/isexe 111ms (cache miss)
npm http fetch GET 200 https://registry.npmjs.org/call-bind 107ms (cache miss)
npm http fetch GET 200 https://registry.npmjs.org/call-bound 110ms (cache miss)
npm http fetch GET 200 https://registry.npmjs.org/es-object-atoms 118ms (cache miss)
npm http fetch GET 200 https://registry.npmjs.org/define-properties 143ms (cache miss)
npm http fetch GET 200 https://registry.npmjs.org/is-string 157ms (cache miss)
npm http fetch GET 200 https://registry.npmjs.org/get-intrinsic 158ms (cache miss)
npm http fetch GET 200 https://registry.npmjs.org/math-intrinsics 157ms (cache miss)
npm http fetch GET 200 https://registry.npmjs.org/es-abstract 159ms (cache miss)
npm http fetch GET 200 https://registry.npmjs.org/call-bind 163ms (cache miss)
npm http fetch GET 200 https://registry.npmjs.org/es-errors 166ms (cache miss)
npm http fetch GET 200 https://registry.npmjs.org/es-object-atoms 176ms (cache miss)
npm http fetch GET 200 https://registry.npmjs.org/es-shim-unscopables 179ms (cache miss)
npm http fetch GET 200 https://registry.npmjs.org/es-abstract 190ms (cache miss)
npm http fetch GET 200 https://registry.npmjs.org/es-abstract 192ms (cache miss)
npm http fetch GET 200 https://registry.npmjs.org/function-bind 215ms (cache miss)
npm http fetch GET 200 https://registry.npmjs.org/es-set-tostringtag 219ms (cache miss)
npm http fetch GET 200 https://registry.npmjs.org/es-abstract 220ms (cache miss)
npm http fetch GET 200 https://registry.npmjs.org/es-abstract 233ms (cache miss)
npm http fetch GET 200 https://registry.npmjs.org/globalthis 241ms (cache miss)
npm http fetch GET 200 https://registry.npmjs.org/gopd 241ms (cache miss)
npm http fetch GET 200 https://registry.npmjs.org/has-proto 297ms (cache miss)
npm http fetch GET 200 https://registry.npmjs.org/has-symbols 301ms (cache miss)
npm http fetch GET 200 https://registry.npmjs.org/internal-slot 330ms (cache miss)
npm http fetch GET 200 https://registry.npmjs.org/iterator.prototype 329ms (cache miss)
npm http fetch GET 200 https://registry.npmjs.org/array.prototype.flat 333ms (cache miss)
npm http fetch GET 200 https://registry.npmjs.org/call-bound 344ms (cache miss)
npm http fetch GET 200 https://registry.npmjs.org/object.assign 348ms (cache miss)
npm http fetch GET 200 https://registry.npmjs.org/safe-array-concat 350ms (cache miss)
npm http fetch GET 200 https://registry.npmjs.org/object-assign 356ms (cache miss)
npm http fetch GET 200 https://registry.npmjs.org/node-exports-info 376ms (cache miss)
npm http fetch GET 200 https://registry.npmjs.org/supports-preserve-symlinks-flag 400ms (cache miss)
npm http fetch GET 200 https://registry.npmjs.org/object-keys 401ms (cache miss)
npm http fetch GET 200 https://registry.npmjs.org/path-parse 405ms (cache miss)
npm http fetch GET 200 https://registry.npmjs.org/es-abstract 426ms (cache miss)
npm http fetch GET 200 https://registry.npmjs.org/is-core-module 430ms (cache miss)
npm http fetch GET 200 https://registry.npmjs.org/get-intrinsic 428ms (cache miss)
npm http fetch GET 200 https://registry.npmjs.org/regexp.prototype.flags 429ms (cache miss)
npm http fetch GET 200 https://registry.npmjs.org/set-function-name 445ms (cache miss)
npm http fetch GET 200 https://registry.npmjs.org/side-channel 471ms (cache miss)
npm http fetch GET 200 https://registry.npmjs.org/es-abstract 484ms (cache miss)
npm http fetch GET 200 https://registry.npmjs.org/has-property-descriptors 559ms (cache miss)
npm http fetch GET 200 https://registry.npmjs.org/react-is 611ms (cache miss)
npm http fetch GET 200 https://registry.npmjs.org/define-properties 1130ms (cache miss)
npm http fetch GET 200 https://registry.npmjs.org/call-bind-apply-helpers 121ms (cache miss)
npm http fetch GET 200 https://registry.npmjs.org/set-function-length 121ms (cache miss)
npm http fetch GET 200 https://registry.npmjs.org/call-bind-apply-helpers 122ms (cache miss)
npm http fetch GET 200 https://registry.npmjs.org/arraybuffer.prototype.slice 121ms (cache miss)
npm http fetch GET 200 https://registry.npmjs.org/es-define-property 122ms (cache miss)
npm http fetch GET 200 https://registry.npmjs.org/array-buffer-byte-length 127ms (cache miss)
npm http fetch GET 200 https://registry.npmjs.org/es-to-primitive 125ms (cache miss)
npm http fetch GET 200 https://registry.npmjs.org/define-data-property 127ms (cache miss)
npm http fetch GET 200 https://registry.npmjs.org/data-view-buffer 139ms (cache miss)
npm http fetch GET 200 https://registry.npmjs.org/get-proto 138ms (cache miss)
npm http fetch GET 200 https://registry.npmjs.org/es-define-property 139ms (cache miss)
npm http fetch GET 200 https://registry.npmjs.org/data-view-byte-length 143ms (cache miss)
npm http fetch GET 200 https://registry.npmjs.org/data-view-byte-offset 143ms (cache miss)
npm http fetch GET 200 https://registry.npmjs.org/available-typed-arrays 150ms (cache miss)
npm http fetch GET 200 https://registry.npmjs.org/function.prototype.name 149ms (cache miss)
npm http fetch GET 200 https://registry.npmjs.org/get-symbol-description 192ms (cache miss)
npm http fetch GET 200 https://registry.npmjs.org/is-array-buffer 197ms (cache miss)
npm http fetch GET 200 https://registry.npmjs.org/is-regex 217ms (cache miss)
npm http fetch GET 200 https://registry.npmjs.org/is-data-view 219ms (cache miss)
npm http fetch GET 200 https://registry.npmjs.org/is-set 219ms (cache miss)
npm http fetch GET 200 https://registry.npmjs.org/own-keys 218ms (cache miss)
npm http fetch GET 200 https://registry.npmjs.org/is-typed-array 219ms (cache miss)
npm http fetch GET 200 https://registry.npmjs.org/set-proto 223ms (cache miss)
npm http fetch GET 200 https://registry.npmjs.org/safe-push-apply 224ms (cache miss)
npm http fetch GET 200 https://registry.npmjs.org/is-weakref 226ms (cache miss)
npm http fetch GET 200 https://registry.npmjs.org/safe-regex-test 242ms (cache miss)
npm http fetch GET 200 https://registry.npmjs.org/stop-iteration-iterator 261ms (cache miss)
npm http fetch GET 200 https://registry.npmjs.org/string.prototype.trimend 282ms (cache miss)
npm http fetch GET 200 https://registry.npmjs.org/typed-array-byte-length 286ms (cache miss)
npm http fetch GET 200 https://registry.npmjs.org/string.prototype.trimstart 286ms (cache miss)
npm http fetch GET 200 https://registry.npmjs.org/string.prototype.trim 287ms (cache miss)
npm http fetch GET 200 https://registry.npmjs.org/object-inspect 301ms (cache miss)
npm http fetch GET 200 https://registry.npmjs.org/typed-array-buffer 296ms (cache miss)
npm http fetch GET 200 https://registry.npmjs.org/unbox-primitive 296ms (cache miss)
npm http fetch GET 200 https://registry.npmjs.org/typed-array-byte-offset 302ms (cache miss)
npm http fetch GET 200 https://registry.npmjs.org/which-typed-array 301ms (cache miss)
npm http fetch GET 200 https://registry.npmjs.org/typed-array-length 302ms (cache miss)
npm http fetch GET 200 https://registry.npmjs.org/has-tostringtag 336ms (cache miss)
npm http fetch GET 200 https://registry.npmjs.org/is-negative-zero 540ms (cache miss)
npm http fetch GET 200 https://registry.npmjs.org/is-callable 1034ms (cache miss)
npm http fetch GET 200 https://registry.npmjs.org/is-shared-array-buffer 1166ms (cache miss)
npm http fetch GET 200 https://registry.npmjs.org/functions-have-names 110ms (cache miss)
npm http fetch GET 200 https://registry.npmjs.org/dunder-proto 110ms (cache miss)
npm http fetch GET 200 https://registry.npmjs.org/dunder-proto 111ms (cache miss)
npm http fetch GET 200 https://registry.npmjs.org/is-date-object 112ms (cache miss)
npm http fetch GET 200 https://registry.npmjs.org/is-symbol 113ms (cache miss)
npm http fetch GET 200 https://registry.npmjs.org/for-each 134ms (cache miss)
npm http fetch GET 200 https://registry.npmjs.org/isarray 134ms (cache miss)
npm http fetch GET 200 https://registry.npmjs.org/which-boxed-primitive 133ms (cache miss)
npm http fetch GET 200 https://registry.npmjs.org/has-bigints 134ms (cache miss)
npm http fetch GET 200 https://registry.npmjs.org/reflect.getprototypeof 136ms (cache miss)
npm http fetch GET 200 https://registry.npmjs.org/reflect.getprototypeof 154ms (cache miss)
npm http fetch GET 200 https://registry.npmjs.org/for-each 157ms (cache miss)
npm http fetch GET 200 https://registry.npmjs.org/possible-typed-array-names 409ms (cache miss)
npm http fetch GET 200 https://registry.npmjs.org/rimraf 114ms (cache miss)
npm http fetch GET 200 https://registry.npmjs.org/flatted 250ms (cache miss)
npm http fetch GET 200 https://registry.npmjs.org/keyv 433ms (cache miss)
npm http fetch GET 200 https://registry.npmjs.org/p-locate 90ms (cache miss)
npm http fetch GET 200 https://registry.npmjs.org/json-buffer 136ms (cache miss)
npm http fetch GET 200 https://registry.npmjs.org/glob 366ms (cache miss)
npm http fetch GET 200 https://registry.npmjs.org/callsites 397ms (cache miss)
npm http fetch GET 200 https://registry.npmjs.org/side-channel-list 406ms (cache miss)
npm http fetch GET 200 https://registry.npmjs.org/side-channel-map 406ms (cache miss)
npm http fetch GET 200 https://registry.npmjs.org/side-channel-weakmap 406ms (cache miss)
npm http fetch GET 200 https://registry.npmjs.org/p-limit 79ms (cache miss)
npm http fetch GET 200 https://registry.npmjs.org/balanced-match 75ms (cache miss)
npm http fetch GET 200 https://registry.npmjs.org/concat-map 78ms (cache miss)
npm http fetch GET 200 https://registry.npmjs.org/yocto-queue 77ms (cache miss)
npm http fetch GET 200 https://registry.npmjs.org/inherits 91ms (cache miss)
npm http fetch GET 200 https://registry.npmjs.org/path-is-absolute 94ms (cache miss)
npm http fetch GET 200 https://registry.npmjs.org/fs.realpath 104ms (cache miss)
npm http fetch GET 200 https://registry.npmjs.org/once 404ms (cache miss)
npm http fetch GET 200 https://registry.npmjs.org/inflight 418ms (cache miss)
npm http fetch GET 200 https://registry.npmjs.org/wrappy 78ms (cache miss)
npm http fetch GET 200 https://registry.npmjs.org/which-builtin-type 117ms (cache miss)
npm http fetch GET 200 https://registry.npmjs.org/is-async-function 96ms (cache miss)
npm http fetch GET 200 https://registry.npmjs.org/is-finalizationregistry 162ms (cache miss)
npm http fetch GET 200 https://registry.npmjs.org/which-collection 182ms (cache miss)
npm http fetch GET 200 https://registry.npmjs.org/is-generator-function 183ms (cache miss)
npm http fetch GET 200 https://registry.npmjs.org/is-bigint 78ms (cache miss)
npm http fetch GET 200 https://registry.npmjs.org/is-boolean-object 84ms (cache miss)
npm http fetch GET 200 https://registry.npmjs.org/is-number-object 85ms (cache miss)
npm http fetch GET 200 https://registry.npmjs.org/@esbuild%2faix-ppc64 145ms (cache miss)
npm http fetch GET 200 https://registry.npmjs.org/@esbuild%2fdarwin-x64 166ms (cache miss)
npm http fetch GET 200 https://registry.npmjs.org/@esbuild%2fsunos-x64 167ms (cache miss)
npm http fetch GET 200 https://registry.npmjs.org/@esbuild%2fnetbsd-x64 173ms (cache miss)
npm http fetch GET 200 https://registry.npmjs.org/@esbuild%2flinux-ia32 176ms (cache miss)
npm http fetch GET 200 https://registry.npmjs.org/@esbuild%2fandroid-arm 177ms (cache miss)
npm http fetch GET 200 https://registry.npmjs.org/@esbuild%2ffreebsd-x64 178ms (cache miss)
npm http fetch GET 200 https://registry.npmjs.org/@esbuild%2fandroid-x64 179ms (cache miss)
npm http fetch GET 200 https://registry.npmjs.org/@esbuild%2flinux-ppc64 179ms (cache miss)
npm http fetch GET 200 https://registry.npmjs.org/@esbuild%2flinux-arm64 180ms (cache miss)
npm http fetch GET 200 https://registry.npmjs.org/source-map-js 278ms (cache miss)
npm http fetch GET 200 https://registry.npmjs.org/@esbuild%2fopenbsd-x64 309ms (cache miss)
npm http fetch GET 200 https://registry.npmjs.org/@esbuild%2flinux-riscv64 308ms (cache miss)
npm http fetch GET 200 https://registry.npmjs.org/@esbuild%2flinux-mips64el 309ms (cache miss)
npm http fetch GET 200 https://registry.npmjs.org/@esbuild%2flinux-loong64 311ms (cache miss)
npm http fetch GET 200 https://registry.npmjs.org/nanoid 314ms (cache miss)
npm http fetch GET 200 https://registry.npmjs.org/@esbuild%2fwin32-x64 319ms (cache miss)
npm http fetch GET 200 https://registry.npmjs.org/@types%2festree 394ms (cache miss)
npm http fetch GET 200 https://registry.npmjs.org/@rollup%2frollup-darwin-arm64 423ms (cache miss)
npm http fetch GET 200 https://registry.npmjs.org/@rollup%2frollup-win32-arm64-msvc 420ms (cache miss)
npm http fetch GET 200 https://registry.npmjs.org/@rollup%2frollup-android-arm64 449ms (cache miss)
npm http fetch GET 200 https://registry.npmjs.org/@rollup%2frollup-freebsd-arm64 446ms (cache miss)
npm http fetch GET 200 https://registry.npmjs.org/@rollup%2frollup-linux-arm64-gnu 447ms (cache miss)
npm http fetch GET 200 https://registry.npmjs.org/@esbuild%2flinux-x64 522ms (cache miss)
npm http fetch GET 200 https://registry.npmjs.org/@rollup%2frollup-android-arm-eabi 513ms (cache miss)
npm http fetch GET 200 https://registry.npmjs.org/@rollup%2frollup-linux-arm-musleabihf 555ms (cache miss)
npm http fetch GET 200 https://registry.npmjs.org/@rollup%2frollup-linux-arm-gnueabihf 556ms (cache miss)
npm http fetch GET 200 https://registry.npmjs.org/@rollup%2frollup-linux-loong64-gnu 566ms (cache miss)
npm http fetch GET 200 https://registry.npmjs.org/@rollup%2frollup-linux-loong64-musl 566ms (cache miss)
npm http fetch GET 200 https://registry.npmjs.org/@rollup%2frollup-win32-ia32-msvc 567ms (cache miss)
npm http fetch GET 200 https://registry.npmjs.org/@rollup%2frollup-linux-arm64-musl 580ms (cache miss)
npm http fetch GET 200 https://registry.npmjs.org/@esbuild%2fwin32-arm64 616ms (cache miss)
npm http fetch GET 200 https://registry.npmjs.org/@rollup%2frollup-linux-riscv64-gnu 632ms (cache miss)
npm http fetch GET 200 https://registry.npmjs.org/@esbuild%2ffreebsd-arm64 649ms (cache miss)
npm http fetch GET 200 https://registry.npmjs.org/@rollup%2frollup-linux-ppc64-musl 660ms (cache miss)
npm http fetch GET 200 https://registry.npmjs.org/@rollup%2frollup-darwin-x64 685ms (cache miss)
npm http fetch GET 200 https://registry.npmjs.org/@esbuild%2flinux-s390x 698ms (cache miss)
npm http fetch GET 200 https://registry.npmjs.org/@rollup%2frollup-linux-s390x-gnu 689ms (cache miss)
npm http fetch GET 200 https://registry.npmjs.org/@rollup%2frollup-win32-x64-gnu 690ms (cache miss)
npm http fetch GET 200 https://registry.npmjs.org/@rollup%2frollup-freebsd-x64 697ms (cache miss)
npm http fetch GET 200 https://registry.npmjs.org/@rollup%2frollup-linux-x64-musl 750ms (cache miss)
npm http fetch GET 200 https://registry.npmjs.org/@rollup%2frollup-linux-x64-gnu 769ms (cache miss)
npm http fetch GET 200 https://registry.npmjs.org/@esbuild%2flinux-arm 800ms (cache miss)
npm http fetch GET 200 https://registry.npmjs.org/@rollup%2frollup-linux-riscv64-musl 812ms (cache miss)
npm http fetch GET 200 https://registry.npmjs.org/@rollup%2frollup-win32-x64-msvc 829ms (cache miss)
npm http fetch GET 200 https://registry.npmjs.org/@rollup%2frollup-openharmony-arm64 836ms (cache miss)
npm http fetch GET 200 https://registry.npmjs.org/@rollup%2frollup-linux-ppc64-gnu 995ms (cache miss)
npm http fetch GET 200 https://registry.npmjs.org/@rollup%2frollup-openbsd-x64 1073ms (cache miss)
npm http fetch GET 200 https://registry.npmjs.org/@esbuild%2fandroid-arm64 1273ms (cache miss)
npm http fetch GET 200 https://registry.npmjs.org/@esbuild%2fdarwin-arm64 1295ms (cache miss)
npm http fetch GET 200 https://registry.npmjs.org/@esbuild%2fwin32-ia32 1481ms (cache miss)
npm http fetch GET 200 https://registry.npmjs.org/async-function 88ms (cache miss)
npm http fetch GET 200 https://registry.npmjs.org/is-weakmap 91ms (cache miss)
npm http fetch GET 200 https://registry.npmjs.org/generator-function 99ms (cache miss)
npm http fetch GET 200 https://registry.npmjs.org/is-map 99ms (cache miss)
npm http fetch GET 200 https://registry.npmjs.org/is-weakset 108ms (cache miss)
npm verb reify failed optional dependency /home/user/Documents/Hackthon/frontend/node_modules/@rollup/rollup-win32-x64-msvc
npm verb reify failed optional dependency /home/user/Documents/Hackthon/frontend/node_modules/@rollup/rollup-win32-x64-gnu
npm verb reify failed optional dependency /home/user/Documents/Hackthon/frontend/node_modules/@rollup/rollup-win32-ia32-msvc
npm verb reify failed optional dependency /home/user/Documents/Hackthon/frontend/node_modules/@rollup/rollup-win32-arm64-msvc
npm verb reify failed optional dependency /home/user/Documents/Hackthon/frontend/node_modules/@rollup/rollup-openharmony-arm64
npm verb reify failed optional dependency /home/user/Documents/Hackthon/frontend/node_modules/@rollup/rollup-openbsd-x64
npm verb reify failed optional dependency /home/user/Documents/Hackthon/frontend/node_modules/@rollup/rollup-linux-s390x-gnu
npm verb reify failed optional dependency /home/user/Documents/Hackthon/frontend/node_modules/@rollup/rollup-linux-riscv64-musl
npm verb reify failed optional dependency /home/user/Documents/Hackthon/frontend/node_modules/@rollup/rollup-linux-riscv64-gnu
npm verb reify failed optional dependency /home/user/Documents/Hackthon/frontend/node_modules/@rollup/rollup-linux-ppc64-musl
npm verb reify failed optional dependency /home/user/Documents/Hackthon/frontend/node_modules/@rollup/rollup-linux-ppc64-gnu
npm verb reify failed optional dependency /home/user/Documents/Hackthon/frontend/node_modules/@rollup/rollup-linux-loong64-musl
npm verb reify failed optional dependency /home/user/Documents/Hackthon/frontend/node_modules/@rollup/rollup-linux-loong64-gnu
npm verb reify failed optional dependency /home/user/Documents/Hackthon/frontend/node_modules/@rollup/rollup-linux-arm64-musl
npm verb reify failed optional dependency /home/user/Documents/Hackthon/frontend/node_modules/@rollup/rollup-linux-arm64-gnu
npm verb reify failed optional dependency /home/user/Documents/Hackthon/frontend/node_modules/@rollup/rollup-linux-arm-musleabihf
npm verb reify failed optional dependency /home/user/Documents/Hackthon/frontend/node_modules/@rollup/rollup-linux-arm-gnueabihf
npm verb reify failed optional dependency /home/user/Documents/Hackthon/frontend/node_modules/@rollup/rollup-freebsd-x64
npm verb reify failed optional dependency /home/user/Documents/Hackthon/frontend/node_modules/@rollup/rollup-freebsd-arm64
npm verb reify failed optional dependency /home/user/Documents/Hackthon/frontend/node_modules/@rollup/rollup-darwin-x64
npm verb reify failed optional dependency /home/user/Documents/Hackthon/frontend/node_modules/@rollup/rollup-darwin-arm64
npm verb reify failed optional dependency /home/user/Documents/Hackthon/frontend/node_modules/@rollup/rollup-android-arm64
npm verb reify failed optional dependency /home/user/Documents/Hackthon/frontend/node_modules/@rollup/rollup-android-arm-eabi
npm verb reify failed optional dependency /home/user/Documents/Hackthon/frontend/node_modules/@esbuild/win32-x64
npm verb reify failed optional dependency /home/user/Documents/Hackthon/frontend/node_modules/@esbuild/win32-ia32
npm verb reify failed optional dependency /home/user/Documents/Hackthon/frontend/node_modules/@esbuild/win32-arm64
npm verb reify failed optional dependency /home/user/Documents/Hackthon/frontend/node_modules/@esbuild/sunos-x64
npm verb reify failed optional dependency /home/user/Documents/Hackthon/frontend/node_modules/@esbuild/openbsd-x64
npm verb reify failed optional dependency /home/user/Documents/Hackthon/frontend/node_modules/@esbuild/netbsd-x64
npm verb reify failed optional dependency /home/user/Documents/Hackthon/frontend/node_modules/@esbuild/linux-s390x
npm verb reify failed optional dependency /home/user/Documents/Hackthon/frontend/node_modules/@esbuild/linux-riscv64
npm verb reify failed optional dependency /home/user/Documents/Hackthon/frontend/node_modules/@esbuild/linux-ppc64
npm verb reify failed optional dependency /home/user/Documents/Hackthon/frontend/node_modules/@esbuild/linux-mips64el
npm verb reify failed optional dependency /home/user/Documents/Hackthon/frontend/node_modules/@esbuild/linux-loong64
npm verb reify failed optional dependency /home/user/Documents/Hackthon/frontend/node_modules/@esbuild/linux-ia32
npm verb reify failed optional dependency /home/user/Documents/Hackthon/frontend/node_modules/@esbuild/linux-arm64
npm verb reify failed optional dependency /home/user/Documents/Hackthon/frontend/node_modules/@esbuild/linux-arm
npm verb reify failed optional dependency /home/user/Documents/Hackthon/frontend/node_modules/@esbuild/freebsd-x64
npm verb reify failed optional dependency /home/user/Documents/Hackthon/frontend/node_modules/@esbuild/freebsd-arm64
npm verb reify failed optional dependency /home/user/Documents/Hackthon/frontend/node_modules/@esbuild/darwin-x64
npm verb reify failed optional dependency /home/user/Documents/Hackthon/frontend/node_modules/@esbuild/darwin-arm64
npm verb reify failed optional dependency /home/user/Documents/Hackthon/frontend/node_modules/@esbuild/android-x64
npm verb reify failed optional dependency /home/user/Documents/Hackthon/frontend/node_modules/@esbuild/android-arm64
npm verb reify failed optional dependency /home/user/Documents/Hackthon/frontend/node_modules/@esbuild/android-arm
npm verb reify failed optional dependency /home/user/Documents/Hackthon/frontend/node_modules/@esbuild/aix-ppc64
npm verb reify failed optional dependency /home/user/Documents/Hackthon/frontend/node_modules/fsevents
npm http fetch GET 200 https://registry.npmjs.org/possible-typed-array-names/-/possible-typed-array-names-1.1.0.tgz 280ms (cache miss)
npm http fetch GET 200 https://registry.npmjs.org/is-symbol/-/is-symbol-1.1.1.tgz 284ms (cache miss)
npm http fetch GET 200 https://registry.npmjs.org/is-date-object/-/is-date-object-1.1.0.tgz 282ms (cache miss)
npm http fetch GET 200 https://registry.npmjs.org/which-typed-array/-/which-typed-array-1.1.20.tgz 281ms (cache miss)
npm http fetch GET 200 https://registry.npmjs.org/typed-array-length/-/typed-array-length-1.0.7.tgz 279ms (cache miss)
npm http fetch GET 200 https://registry.npmjs.org/iterator.prototype/-/iterator.prototype-1.1.5.tgz 284ms (cache miss)
npm http fetch GET 200 https://registry.npmjs.org/has-tostringtag/-/has-tostringtag-1.0.2.tgz 286ms (cache miss)
npm http fetch GET 200 https://registry.npmjs.org/esrecurse/-/esrecurse-4.3.0.tgz 287ms (cache miss)
npm http fetch GET 200 https://registry.npmjs.org/typed-array-byte-offset/-/typed-array-byte-offset-1.0.4.tgz 281ms (cache miss)
npm http fetch GET 200 https://registry.npmjs.org/fast-deep-equal/-/fast-deep-equal-3.1.3.tgz 276ms (cache miss)
npm http fetch GET 200 https://registry.npmjs.org/unbox-primitive/-/unbox-primitive-1.1.0.tgz 288ms (cache miss)
npm http fetch POST 200 https://registry.npmjs.org/-/npm/v1/security/advisories/bulk 342ms
npm http fetch GET 200 https://registry.npmjs.org/esutils/-/esutils-2.0.3.tgz 296ms (cache miss)
npm http fetch GET 200 https://registry.npmjs.org/file-entry-cache/-/file-entry-cache-6.0.1.tgz 297ms (cache miss)
npm http fetch GET 200 https://registry.npmjs.org/is-map/-/is-map-2.0.3.tgz 322ms (cache miss)
npm http fetch GET 200 https://registry.npmjs.org/acorn/-/acorn-8.16.0.tgz 383ms (cache miss)
npm http fetch GET 200 https://registry.npmjs.org/which-collection/-/which-collection-1.0.2.tgz 376ms (cache miss)
npm http fetch GET 200 https://registry.npmjs.org/async-function/-/async-function-1.0.0.tgz 376ms (cache miss)
npm http fetch GET 200 https://registry.npmjs.org/is-number-object/-/is-number-object-1.1.1.tgz 375ms (cache miss)
npm http fetch GET 200 https://registry.npmjs.org/is-weakset/-/is-weakset-2.0.4.tgz 376ms (cache miss)
npm http fetch GET 200 https://registry.npmjs.org/is-finalizationregistry/-/is-finalizationregistry-1.1.1.tgz 447ms (cache miss)
npm http fetch GET 200 https://registry.npmjs.org/generator-function/-/generator-function-2.0.1.tgz 446ms (cache miss)
npm http fetch GET 200 https://registry.npmjs.org/is-async-function/-/is-async-function-2.1.1.tgz 447ms (cache miss)
npm http fetch GET 200 https://registry.npmjs.org/is-boolean-object/-/is-boolean-object-1.2.2.tgz 447ms (cache miss)
npm http fetch GET 200 https://registry.npmjs.org/is-weakmap/-/is-weakmap-2.0.2.tgz 453ms (cache miss)
npm http fetch GET 200 https://registry.npmjs.org/is-bigint/-/is-bigint-1.1.0.tgz 451ms (cache miss)
npm http fetch GET 200 https://registry.npmjs.org/isexe/-/isexe-2.0.0.tgz 452ms (cache miss)
npm http fetch GET 200 https://registry.npmjs.org/@types/estree/-/estree-1.0.8.tgz 452ms (cache miss)
npm http fetch GET 200 https://registry.npmjs.org/is-generator-function/-/is-generator-function-1.1.2.tgz 457ms (cache miss)
npm http fetch GET 200 https://registry.npmjs.org/esquery/-/esquery-1.7.0.tgz 490ms (cache miss)
npm http fetch GET 200 https://registry.npmjs.org/nanoid/-/nanoid-3.3.11.tgz 532ms (cache miss)
npm http fetch GET 200 https://registry.npmjs.org/has-bigints/-/has-bigints-1.1.0.tgz 530ms (cache miss)
npm http fetch GET 200 https://registry.npmjs.org/escalade/-/escalade-3.2.0.tgz 529ms (cache miss)
npm http fetch GET 200 https://registry.npmjs.org/punycode/-/punycode-2.3.1.tgz 532ms (cache miss)
npm http fetch GET 200 https://registry.npmjs.org/which-boxed-primitive/-/which-boxed-primitive-1.1.1.tgz 537ms (cache miss)
npm http fetch GET 200 https://registry.npmjs.org/reflect.getprototypeof/-/reflect.getprototypeof-1.0.10.tgz 534ms (cache miss)
npm http fetch GET 200 https://registry.npmjs.org/esbuild/-/esbuild-0.21.5.tgz 542ms (cache miss)
npm http fetch GET 200 https://registry.npmjs.org/source-map-js/-/source-map-js-1.2.1.tgz 550ms (cache miss)
npm http fetch GET 200 https://registry.npmjs.org/which-builtin-type/-/which-builtin-type-1.2.1.tgz 559ms (cache miss)
npm http fetch GET 200 https://registry.npmjs.org/has-flag/-/has-flag-4.0.0.tgz 557ms (cache miss)
npm http fetch GET 200 https://registry.npmjs.org/postcss/-/postcss-8.5.6.tgz 568ms (cache miss)
npm http fetch GET 200 https://registry.npmjs.org/@rollup/rollup-linux-x64-musl/-/rollup-linux-x64-musl-4.59.0.tgz 572ms (cache miss)
npm http fetch GET 200 https://registry.npmjs.org/side-channel-map/-/side-channel-map-1.0.1.tgz 600ms (cache miss)
npm http fetch GET 200 https://registry.npmjs.org/ansi-regex/-/ansi-regex-5.0.1.tgz 612ms (cache miss)
npm http fetch GET 200 https://registry.npmjs.org/side-channel-weakmap/-/side-channel-weakmap-1.0.2.tgz 613ms (cache miss)
npm http fetch GET 200 https://registry.npmjs.org/for-each/-/for-each-0.3.5.tgz 615ms (cache miss)
npm http fetch GET 200 https://registry.npmjs.org/queue-microtask/-/queue-microtask-1.2.3.tgz 608ms (cache miss)
npm http fetch GET 200 https://registry.npmjs.org/wrappy/-/wrappy-1.0.2.tgz 608ms (cache miss)
npm http fetch GET 200 https://registry.npmjs.org/side-channel-list/-/side-channel-list-1.0.0.tgz 614ms (cache miss)
npm http fetch GET 200 https://registry.npmjs.org/path-is-absolute/-/path-is-absolute-1.0.1.tgz 608ms (cache miss)
npm http fetch GET 200 https://registry.npmjs.org/shebang-regex/-/shebang-regex-3.0.0.tgz 610ms (cache miss)
npm http fetch GET 200 https://registry.npmjs.org/isarray/-/isarray-2.0.5.tgz 617ms (cache miss)
npm http fetch GET 200 https://registry.npmjs.org/inherits/-/inherits-2.0.4.tgz 653ms (cache miss)
npm http fetch GET 200 https://registry.npmjs.org/once/-/once-1.4.0.tgz 654ms (cache miss)
npm http fetch GET 200 https://registry.npmjs.org/inflight/-/inflight-1.0.6.tgz 684ms (cache miss)
npm WARN deprecated inflight@1.0.6: This module is not supported, and leaks memory. Do not use it. Check out lru-cache if you want a good and tested way to coalesce async requests by a key value, which is much more comprehensive and powerful.
npm http fetch GET 200 https://registry.npmjs.org/fs.realpath/-/fs.realpath-1.0.0.tgz 707ms (cache miss)
npm http fetch GET 200 https://registry.npmjs.org/rollup/-/rollup-4.59.0.tgz 726ms (cache miss)
npm http fetch GET 200 https://registry.npmjs.org/path-parse/-/path-parse-1.0.7.tgz 742ms (cache miss)
npm http fetch GET 200 https://registry.npmjs.org/react-is/-/react-is-16.13.1.tgz 739ms (cache miss)
npm http fetch GET 200 https://registry.npmjs.org/glob/-/glob-7.2.3.tgz 743ms (cache miss)
npm WARN deprecated glob@7.2.3: Old versions of glob are not supported, and contain widely publicized security vulnerabilities, which have been fixed in the current version. Please update. Support for old versions may be purchased (at exorbitant rates) by contacting i@izs.me
npm http fetch GET 200 https://registry.npmjs.org/loose-envify/-/loose-envify-1.4.0.tgz 739ms (cache miss)
npm http fetch GET 200 https://registry.npmjs.org/callsites/-/callsites-3.1.0.tgz 740ms (cache miss)
npm http fetch GET 200 https://registry.npmjs.org/object-assign/-/object-assign-4.1.1.tgz 741ms (cache miss)
npm http fetch GET 200 https://registry.npmjs.org/supports-preserve-symlinks-flag/-/supports-preserve-symlinks-flag-1.0.0.tgz 743ms (cache miss)
npm http fetch GET 200 https://registry.npmjs.org/is-core-module/-/is-core-module-2.16.1.tgz 743ms (cache miss)
npm http fetch GET 200 https://registry.npmjs.org/scheduler/-/scheduler-0.23.2.tgz 744ms (cache miss)
npm http fetch GET 200 https://registry.npmjs.org/node-exports-info/-/node-exports-info-1.6.0.tgz 745ms (cache miss)
npm http fetch GET 200 https://registry.npmjs.org/yocto-queue/-/yocto-queue-0.1.0.tgz 792ms (cache miss)
npm http fetch GET 200 https://registry.npmjs.org/p-limit/-/p-limit-3.1.0.tgz 860ms (cache miss)
npm http fetch GET 200 https://registry.npmjs.org/fast-levenshtein/-/fast-levenshtein-2.0.6.tgz 859ms (cache miss)
npm http fetch GET 200 https://registry.npmjs.org/word-wrap/-/word-wrap-1.2.5.tgz 878ms (cache miss)
npm http fetch GET 200 https://registry.npmjs.org/balanced-match/-/balanced-match-1.0.2.tgz 908ms (cache miss)
npm http fetch GET 200 https://registry.npmjs.org/concat-map/-/concat-map-0.0.1.tgz 907ms (cache miss)
npm http fetch GET 200 https://registry.npmjs.org/deep-is/-/deep-is-0.1.4.tgz 933ms (cache miss)
npm http fetch GET 200 https://registry.npmjs.org/json-buffer/-/json-buffer-3.0.1.tgz 928ms (cache miss)
npm http fetch GET 200 https://registry.npmjs.org/type-check/-/type-check-0.4.0.tgz 929ms (cache miss)
npm http fetch GET 200 https://registry.npmjs.org/yallist/-/yallist-3.1.1.tgz 933ms (cache miss)
npm http fetch GET 200 https://registry.npmjs.org/p-locate/-/p-locate-5.0.0.tgz 931ms (cache miss)
npm http fetch GET 200 https://registry.npmjs.org/brace-expansion/-/brace-expansion-1.1.12.tgz 931ms (cache miss)
npm http fetch GET 200 https://registry.npmjs.org/prelude-ls/-/prelude-ls-1.2.1.tgz 930ms (cache miss)
npm http fetch GET 200 https://registry.npmjs.org/is-extglob/-/is-extglob-2.1.1.tgz 951ms (cache miss)
npm http fetch GET 200 https://registry.npmjs.org/set-function-name/-/set-function-name-2.0.2.tgz 952ms (cache miss)
npm http fetch GET 200 https://registry.npmjs.org/array.prototype.flat/-/array.prototype.flat-1.3.3.tgz 953ms (cache miss)
npm http fetch GET 200 https://registry.npmjs.org/argparse/-/argparse-2.0.1.tgz 952ms (cache miss)
npm http fetch GET 200 https://registry.npmjs.org/parent-module/-/parent-module-1.0.1.tgz 1033ms (cache miss)
npm http fetch GET 200 https://registry.npmjs.org/resolve-from/-/resolve-from-4.0.0.tgz 1066ms (cache miss)
npm http fetch GET 200 https://registry.npmjs.org/dunder-proto/-/dunder-proto-1.0.1.tgz 1063ms (cache miss)
npm http fetch GET 200 https://registry.npmjs.org/side-channel/-/side-channel-1.1.0.tgz 1070ms (cache miss)
npm http fetch GET 200 https://registry.npmjs.org/functions-have-names/-/functions-have-names-1.2.3.tgz 1065ms (cache miss)
npm http fetch GET 200 https://registry.npmjs.org/rimraf/-/rimraf-3.0.2.tgz 1070ms (cache miss)
npm WARN deprecated rimraf@3.0.2: Rimraf versions prior to v4 are no longer supported
npm http fetch GET 200 https://registry.npmjs.org/path-exists/-/path-exists-4.0.0.tgz 1070ms (cache miss)
npm http fetch GET 200 https://registry.npmjs.org/keyv/-/keyv-4.5.4.tgz 1072ms (cache miss)
npm http fetch GET 200 https://registry.npmjs.org/flat-cache/-/flat-cache-3.2.0.tgz 1071ms (cache miss)
npm http fetch GET 200 https://registry.npmjs.org/type-fest/-/type-fest-0.20.2.tgz 1077ms (cache miss)
npm http fetch GET 200 https://registry.npmjs.org/reusify/-/reusify-1.1.0.tgz 1096ms (cache miss)
npm http fetch GET 200 https://registry.npmjs.org/locate-path/-/locate-path-6.0.0.tgz 1098ms (cache miss)
npm http fetch GET 200 https://registry.npmjs.org/flatted/-/flatted-3.3.3.tgz 1108ms (cache miss)
npm http fetch GET 200 https://registry.npmjs.org/acorn-jsx/-/acorn-jsx-5.3.2.tgz 1128ms (cache miss)
npm http fetch GET 200 https://registry.npmjs.org/string.prototype.trimend/-/string.prototype.trimend-1.0.9.tgz 1203ms (cache miss)
npm http fetch GET 200 https://registry.npmjs.org/typed-array-byte-length/-/typed-array-byte-length-1.0.3.tgz 1206ms (cache miss)
npm http fetch GET 200 https://registry.npmjs.org/string.prototype.trim/-/string.prototype.trim-1.2.10.tgz 1204ms (cache miss)
npm http fetch GET 200 https://registry.npmjs.org/string.prototype.trimstart/-/string.prototype.trimstart-1.0.8.tgz 1206ms (cache miss)
npm http fetch GET 200 https://registry.npmjs.org/@esbuild/linux-x64/-/linux-x64-0.21.5.tgz 1252ms (cache miss)
npm http fetch GET 200 https://registry.npmjs.org/set-proto/-/set-proto-1.0.0.tgz 1203ms (cache miss)
npm http fetch GET 200 https://registry.npmjs.org/own-keys/-/own-keys-1.0.1.tgz 1196ms (cache miss)
npm http fetch GET 200 https://registry.npmjs.org/typed-array-buffer/-/typed-array-buffer-1.0.3.tgz 1207ms (cache miss)
npm http fetch GET 200 https://registry.npmjs.org/safe-push-apply/-/safe-push-apply-1.0.0.tgz 1204ms (cache miss)
npm http fetch GET 200 https://registry.npmjs.org/stop-iteration-iterator/-/stop-iteration-iterator-1.1.0.tgz 1205ms (cache miss)
npm http fetch GET 200 https://registry.npmjs.org/safe-array-concat/-/safe-array-concat-1.1.3.tgz 1199ms (cache miss)
npm http fetch GET 200 https://registry.npmjs.org/safe-regex-test/-/safe-regex-test-1.1.0.tgz 1207ms (cache miss)
npm http fetch GET 200 https://registry.npmjs.org/regexp.prototype.flags/-/regexp.prototype.flags-1.5.4.tgz 1199ms (cache miss)
npm http fetch GET 200 https://registry.npmjs.org/object-inspect/-/object-inspect-1.13.4.tgz 1225ms (cache miss)
npm http fetch GET 200 https://registry.npmjs.org/is-weakref/-/is-weakref-1.1.1.tgz 1253ms (cache miss)
npm http fetch GET 200 https://registry.npmjs.org/is-shared-array-buffer/-/is-shared-array-buffer-1.0.4.tgz 1265ms (cache miss)
npm http fetch GET 200 https://registry.npmjs.org/object.assign/-/object.assign-4.1.7.tgz 1266ms (cache miss)
npm http fetch GET 200 https://registry.npmjs.org/is-callable/-/is-callable-1.2.7.tgz 1281ms (cache miss)
npm http fetch GET 200 https://registry.npmjs.org/is-regex/-/is-regex-1.2.1.tgz 1299ms (cache miss)
npm http fetch GET 200 https://registry.npmjs.org/is-data-view/-/is-data-view-1.0.2.tgz 1298ms (cache miss)
npm http fetch GET 200 https://registry.npmjs.org/is-array-buffer/-/is-array-buffer-3.0.5.tgz 1297ms (cache miss)
npm http fetch GET 200 https://registry.npmjs.org/internal-slot/-/internal-slot-1.1.0.tgz 1296ms (cache miss)
npm http fetch GET 200 https://registry.npmjs.org/has-symbols/-/has-symbols-1.1.0.tgz 1293ms (cache miss)
npm http fetch GET 200 https://registry.npmjs.org/is-set/-/is-set-2.0.3.tgz 1298ms (cache miss)
npm http fetch GET 200 https://registry.npmjs.org/is-negative-zero/-/is-negative-zero-2.0.3.tgz 1300ms (cache miss)
npm http fetch GET 200 https://registry.npmjs.org/has-proto/-/has-proto-1.2.0.tgz 1295ms (cache miss)
npm http fetch GET 200 https://registry.npmjs.org/is-typed-array/-/is-typed-array-1.1.15.tgz 1301ms (cache miss)
npm http fetch GET 200 https://registry.npmjs.org/globalthis/-/globalthis-1.0.4.tgz 1310ms (cache miss)
npm http fetch GET 200 https://registry.npmjs.org/get-symbol-description/-/get-symbol-description-1.1.0.tgz 1332ms (cache miss)
npm http fetch GET 200 https://registry.npmjs.org/get-proto/-/get-proto-1.0.1.tgz 1336ms (cache miss)
npm http fetch GET 200 https://registry.npmjs.org/function.prototype.name/-/function.prototype.name-1.1.8.tgz 1359ms (cache miss)
npm http fetch GET 200 https://registry.npmjs.org/@rollup/rollup-linux-x64-gnu/-/rollup-linux-x64-gnu-4.59.0.tgz 1432ms (cache miss)
npm http fetch GET 200 https://registry.npmjs.org/es-set-tostringtag/-/es-set-tostringtag-2.1.0.tgz 1392ms (cache miss)
npm http fetch GET 200 https://registry.npmjs.org/data-view-buffer/-/data-view-buffer-1.0.2.tgz 1401ms (cache miss)
npm http fetch GET 200 https://registry.npmjs.org/data-view-byte-offset/-/data-view-byte-offset-1.0.1.tgz 1402ms (cache miss)
npm http fetch GET 200 https://registry.npmjs.org/es-to-primitive/-/es-to-primitive-1.3.0.tgz 1404ms (cache miss)
npm http fetch GET 200 https://registry.npmjs.org/available-typed-arrays/-/available-typed-arrays-1.0.7.tgz 1409ms (cache miss)
npm http fetch GET 200 https://registry.npmjs.org/data-view-byte-length/-/data-view-byte-length-1.0.2.tgz 1407ms (cache miss)
npm http fetch GET 200 https://registry.npmjs.org/arraybuffer.prototype.slice/-/arraybuffer.prototype.slice-1.0.4.tgz 1410ms (cache miss)
npm http fetch GET 200 https://registry.npmjs.org/array-buffer-byte-length/-/array-buffer-byte-length-1.0.2.tgz 1416ms (cache miss)
npm http fetch GET 200 https://registry.npmjs.org/has-property-descriptors/-/has-property-descriptors-1.0.2.tgz 1427ms (cache miss)
npm http fetch GET 200 https://registry.npmjs.org/set-function-length/-/set-function-length-1.2.2.tgz 1426ms (cache miss)
npm http fetch GET 200 https://registry.npmjs.org/object-keys/-/object-keys-1.1.1.tgz 1428ms (cache miss)
npm http fetch GET 200 https://registry.npmjs.org/define-data-property/-/define-data-property-1.1.4.tgz 1427ms (cache miss)
npm http fetch GET 200 https://registry.npmjs.org/function-bind/-/function-bind-1.1.2.tgz 1430ms (cache miss)
npm http fetch GET 200 https://registry.npmjs.org/es-define-property/-/es-define-property-1.0.1.tgz 1429ms (cache miss)
npm http fetch GET 200 https://registry.npmjs.org/gopd/-/gopd-1.2.0.tgz 1435ms (cache miss)
npm http fetch GET 200 https://registry.npmjs.org/call-bind-apply-helpers/-/call-bind-apply-helpers-1.0.2.tgz 1470ms (cache miss)
npm http fetch GET 200 https://registry.npmjs.org/es-errors/-/es-errors-1.3.0.tgz 1470ms (cache miss)
npm http fetch GET 200 https://registry.npmjs.org/es-shim-unscopables/-/es-shim-unscopables-1.1.0.tgz 1473ms (cache miss)
npm http fetch GET 200 https://registry.npmjs.org/get-intrinsic/-/get-intrinsic-1.3.0.tgz 1472ms (cache miss)
npm http fetch GET 200 https://registry.npmjs.org/math-intrinsics/-/math-intrinsics-1.1.0.tgz 1497ms (cache miss)
npm http fetch GET 200 https://registry.npmjs.org/define-properties/-/define-properties-1.2.1.tgz 1496ms (cache miss)
npm http fetch GET 200 https://registry.npmjs.org/is-string/-/is-string-1.1.1.tgz 1498ms (cache miss)
npm http fetch GET 200 https://registry.npmjs.org/es-object-atoms/-/es-object-atoms-1.1.1.tgz 1497ms (cache miss)
npm http fetch GET 200 https://registry.npmjs.org/call-bind/-/call-bind-1.0.8.tgz 1496ms (cache miss)
npm http fetch GET 200 https://registry.npmjs.org/call-bound/-/call-bound-1.0.4.tgz 1503ms (cache miss)
npm http fetch GET 200 https://registry.npmjs.org/string.prototype.repeat/-/string.prototype.repeat-1.0.0.tgz 1513ms (cache miss)
npm http fetch GET 200 https://registry.npmjs.org/string.prototype.matchall/-/string.prototype.matchall-4.0.12.tgz 1534ms (cache miss)
npm http fetch GET 200 https://registry.npmjs.org/resolve/-/resolve-2.0.0-next.6.tgz 1542ms (cache miss)
npm http fetch GET 200 https://registry.npmjs.org/object.values/-/object.values-1.2.1.tgz 1580ms (cache miss)
npm http fetch GET 200 https://registry.npmjs.org/object.fromentries/-/object.fromentries-2.0.8.tgz 1583ms (cache miss)
npm http fetch GET 200 https://registry.npmjs.org/prop-types/-/prop-types-15.8.1.tgz 1615ms (cache miss)
npm http fetch GET 200 https://registry.npmjs.org/object.entries/-/object.entries-1.1.9.tgz 1615ms (cache miss)
npm http fetch GET 200 https://registry.npmjs.org/jsx-ast-utils/-/jsx-ast-utils-3.3.5.tgz 1628ms (cache miss)
npm http fetch GET 200 https://registry.npmjs.org/hasown/-/hasown-2.0.2.tgz 1627ms (cache miss)
npm http fetch GET 200 https://registry.npmjs.org/estraverse/-/estraverse-5.3.0.tgz 1637ms (cache miss)
npm http fetch GET 200 https://registry.npmjs.org/array.prototype.tosorted/-/array.prototype.tosorted-1.1.4.tgz 1658ms (cache miss)
npm http fetch GET 200 https://registry.npmjs.org/array.prototype.flatmap/-/array.prototype.flatmap-1.3.3.tgz 1659ms (cache miss)
npm http fetch GET 200 https://registry.npmjs.org/which/-/which-2.0.2.tgz 1659ms (cache miss)
npm http fetch GET 200 https://registry.npmjs.org/array.prototype.findlast/-/array.prototype.findlast-1.2.5.tgz 1660ms (cache miss)
npm http fetch GET 200 https://registry.npmjs.org/es-iterator-helpers/-/es-iterator-helpers-1.2.2.tgz 1668ms (cache miss)
npm http fetch GET 200 https://registry.npmjs.org/array-includes/-/array-includes-3.1.9.tgz 1665ms (cache miss)
npm http fetch GET 200 https://registry.npmjs.org/path-key/-/path-key-3.1.1.tgz 1687ms (cache miss)
npm http fetch GET 200 https://registry.npmjs.org/shebang-command/-/shebang-command-2.0.0.tgz 1689ms (cache miss)
npm http fetch GET 200 https://registry.npmjs.org/color-convert/-/color-convert-2.0.1.tgz 1702ms (cache miss)
npm http fetch GET 200 https://registry.npmjs.org/color-name/-/color-name-1.1.4.tgz 1703ms (cache miss)
npm http fetch GET 200 https://registry.npmjs.org/supports-color/-/supports-color-7.2.0.tgz 1711ms (cache miss)
npm http fetch GET 200 https://registry.npmjs.org/es-abstract/-/es-abstract-1.24.1.tgz 1729ms (cache miss)
npm http fetch GET 200 https://registry.npmjs.org/ansi-styles/-/ansi-styles-4.3.0.tgz 1717ms (cache miss)
npm http fetch GET 200 https://registry.npmjs.org/json-schema-traverse/-/json-schema-traverse-0.4.1.tgz 1733ms (cache miss)
npm http fetch GET 200 https://registry.npmjs.org/run-parallel/-/run-parallel-1.2.0.tgz 1741ms (cache miss)
npm http fetch GET 200 https://registry.npmjs.org/fast-json-stable-stringify/-/fast-json-stable-stringify-2.1.0.tgz 1755ms (cache miss)
npm http fetch GET 200 https://registry.npmjs.org/strip-json-comments/-/strip-json-comments-3.1.1.tgz 1759ms (cache miss)
npm http fetch GET 200 https://registry.npmjs.org/fastq/-/fastq-1.20.1.tgz 1760ms (cache miss)
npm http fetch GET 200 https://registry.npmjs.org/@nodelib/fs.scandir/-/fs.scandir-2.1.5.tgz 1769ms (cache miss)
npm http fetch GET 200 https://registry.npmjs.org/uri-js/-/uri-js-4.4.1.tgz 1785ms (cache miss)
npm http fetch GET 200 https://registry.npmjs.org/@nodelib/fs.stat/-/fs.stat-2.0.5.tgz 1794ms (cache miss)
npm http fetch GET 200 https://registry.npmjs.org/@humanwhocodes/object-schema/-/object-schema-2.0.3.tgz 1797ms (cache miss)
npm http fetch GET 200 https://registry.npmjs.org/import-fresh/-/import-fresh-3.3.1.tgz 1797ms (cache miss)
npm WARN deprecated @humanwhocodes/object-schema@2.0.3: Use @eslint/object-schema instead
npm http fetch GET 200 https://registry.npmjs.org/text-table/-/text-table-0.2.0.tgz 1811ms (cache miss)
npm http fetch GET 200 https://registry.npmjs.org/optionator/-/optionator-0.9.4.tgz 1811ms (cache miss)
npm http fetch GET 200 https://registry.npmjs.org/strip-ansi/-/strip-ansi-6.0.1.tgz 1812ms (cache miss)
npm http fetch GET 200 https://registry.npmjs.org/minimatch/-/minimatch-3.1.3.tgz 1988ms (cache miss)
npm http fetch GET 200 https://registry.npmjs.org/natural-compare/-/natural-compare-1.4.0.tgz 1992ms (cache miss)
npm http fetch GET 200 https://registry.npmjs.org/lodash.merge/-/lodash.merge-4.6.2.tgz 1995ms (cache miss)
npm http fetch GET 200 https://registry.npmjs.org/levn/-/levn-0.4.1.tgz 1994ms (cache miss)
npm http fetch GET 200 https://registry.npmjs.org/json-stable-stringify-without-jsonify/-/json-stable-stringify-without-jsonify-1.0.1.tgz 2019ms (cache miss)
npm http fetch GET 200 https://registry.npmjs.org/imurmurhash/-/imurmurhash-0.1.4.tgz 2084ms (cache miss)
npm http fetch GET 200 https://registry.npmjs.org/find-up/-/find-up-5.0.0.tgz 2083ms (cache miss)
npm http fetch GET 200 https://registry.npmjs.org/glob-parent/-/glob-parent-6.0.2.tgz 2084ms (cache miss)
npm http fetch GET 200 https://registry.npmjs.org/is-path-inside/-/is-path-inside-3.0.3.tgz 2091ms (cache miss)
npm http fetch GET 200 https://registry.npmjs.org/ignore/-/ignore-5.3.2.tgz 2086ms (cache miss)
npm http fetch GET 200 https://registry.npmjs.org/globals/-/globals-13.24.0.tgz 2085ms (cache miss)
npm http fetch GET 200 https://registry.npmjs.org/is-glob/-/is-glob-4.0.3.tgz 2086ms (cache miss)
npm http fetch GET 200 https://registry.npmjs.org/js-yaml/-/js-yaml-4.1.1.tgz 2093ms (cache miss)
npm http fetch GET 200 https://registry.npmjs.org/escape-string-regexp/-/escape-string-regexp-4.0.0.tgz 2105ms (cache miss)
npm http fetch GET 200 https://registry.npmjs.org/eslint-visitor-keys/-/eslint-visitor-keys-3.4.3.tgz 2106ms (cache miss)
npm http fetch GET 200 https://registry.npmjs.org/cross-spawn/-/cross-spawn-7.0.6.tgz 2105ms (cache miss)
npm http fetch GET 200 https://registry.npmjs.org/doctrine/-/doctrine-3.0.0.tgz 2120ms (cache miss)
npm http fetch GET 200 https://registry.npmjs.org/espree/-/espree-9.6.1.tgz 2122ms (cache miss)
npm http fetch GET 200 https://registry.npmjs.org/graphemer/-/graphemer-1.4.0.tgz 2157ms (cache miss)
npm http fetch GET 200 https://registry.npmjs.org/chalk/-/chalk-4.1.2.tgz 2186ms (cache miss)
npm http fetch GET 200 https://registry.npmjs.org/eslint-scope/-/eslint-scope-7.2.2.tgz 2214ms (cache miss)
npm http fetch GET 200 https://registry.npmjs.org/@humanwhocodes/module-importer/-/module-importer-1.0.1.tgz 2211ms (cache miss)
npm http fetch GET 200 https://registry.npmjs.org/ms/-/ms-2.1.3.tgz 2224ms (cache miss)
npm http fetch GET 200 https://registry.npmjs.org/update-browserslist-db/-/update-browserslist-db-1.2.3.tgz 2223ms (cache miss)
npm http fetch GET 200 https://registry.npmjs.org/@ungap/structured-clone/-/structured-clone-1.3.0.tgz 2232ms (cache miss)
npm http fetch GET 200 https://registry.npmjs.org/@humanwhocodes/config-array/-/config-array-0.13.0.tgz 2231ms (cache miss)
npm WARN deprecated @humanwhocodes/config-array@0.13.0: Use @eslint/config-array instead
npm http fetch GET 200 https://registry.npmjs.org/@nodelib/fs.walk/-/fs.walk-1.2.8.tgz 2232ms (cache miss)
npm http fetch GET 200 https://registry.npmjs.org/@eslint/js/-/js-8.57.1.tgz 2231ms (cache miss)
npm http fetch GET 200 https://registry.npmjs.org/node-releases/-/node-releases-2.0.27.tgz 2233ms (cache miss)
npm http fetch GET 200 https://registry.npmjs.org/@eslint/eslintrc/-/eslintrc-2.1.4.tgz 2240ms (cache miss)
npm http fetch GET 200 https://registry.npmjs.org/@eslint-community/regexpp/-/regexpp-4.12.2.tgz 2278ms (cache miss)
npm http fetch GET 200 https://registry.npmjs.org/@eslint-community/eslint-utils/-/eslint-utils-4.9.1.tgz 2278ms (cache miss)
npm http fetch GET 200 https://registry.npmjs.org/electron-to-chromium/-/electron-to-chromium-1.5.302.tgz 2277ms (cache miss)
npm http fetch GET 200 https://registry.npmjs.org/ajv/-/ajv-6.14.0.tgz 2319ms (cache miss)
npm http fetch GET 200 https://registry.npmjs.org/baseline-browser-mapping/-/baseline-browser-mapping-2.10.0.tgz 2369ms (cache miss)
npm http fetch GET 200 https://registry.npmjs.org/@types/babel__template/-/babel__template-7.4.4.tgz 2377ms (cache miss)
npm http fetch GET 200 https://registry.npmjs.org/@types/babel__generator/-/babel__generator-7.27.0.tgz 2381ms (cache miss)
npm http fetch GET 200 https://registry.npmjs.org/lru-cache/-/lru-cache-5.1.1.tgz 2381ms (cache miss)
npm http fetch GET 200 https://registry.npmjs.org/@babel/helper-globals/-/helper-globals-7.28.0.tgz 2399ms (cache miss)
npm http fetch GET 200 https://registry.npmjs.org/@jridgewell/resolve-uri/-/resolve-uri-3.1.2.tgz 2401ms (cache miss)
npm http fetch GET 200 https://registry.npmjs.org/@jridgewell/sourcemap-codec/-/sourcemap-codec-1.5.5.tgz 2403ms (cache miss)
npm http fetch GET 200 https://registry.npmjs.org/@babel/helper-plugin-utils/-/helper-plugin-utils-7.28.6.tgz 2413ms (cache miss)
npm http fetch GET 200 https://registry.npmjs.org/@babel/helper-string-parser/-/helper-string-parser-7.27.1.tgz 2415ms (cache miss)
npm http fetch GET 200 https://registry.npmjs.org/browserslist/-/browserslist-4.28.1.tgz 2408ms (cache miss)
npm http fetch GET 200 https://registry.npmjs.org/@babel/helper-module-imports/-/helper-module-imports-7.28.6.tgz 2418ms (cache miss)
npm http fetch GET 200 https://registry.npmjs.org/@babel/helper-validator-option/-/helper-validator-option-7.27.1.tgz 2419ms (cache miss)
npm http fetch GET 200 https://registry.npmjs.org/@babel/compat-data/-/compat-data-7.29.0.tgz 2440ms (cache miss)
npm http fetch GET 200 https://registry.npmjs.org/@types/babel__traverse/-/babel__traverse-7.28.0.tgz 2451ms (cache miss)
npm http fetch GET 200 https://registry.npmjs.org/jsesc/-/jsesc-3.1.0.tgz 2450ms (cache miss)
npm http fetch GET 200 https://registry.npmjs.org/caniuse-lite/-/caniuse-lite-1.0.30001772.tgz 2474ms (cache miss)
npm http fetch GET 200 https://registry.npmjs.org/picocolors/-/picocolors-1.1.1.tgz 2490ms (cache miss)
npm http fetch GET 200 https://registry.npmjs.org/js-tokens/-/js-tokens-4.0.0.tgz 2490ms (cache miss)
npm http fetch GET 200 https://registry.npmjs.org/@jridgewell/trace-mapping/-/trace-mapping-0.3.31.tgz 2495ms (cache miss)
npm http fetch GET 200 https://registry.npmjs.org/@babel/helper-validator-identifier/-/helper-validator-identifier-7.28.5.tgz 2517ms (cache miss)
npm http fetch GET 200 https://registry.npmjs.org/convert-source-map/-/convert-source-map-2.0.0.tgz 2516ms (cache miss)
npm http fetch GET 200 https://registry.npmjs.org/gensync/-/gensync-1.0.0-beta.2.tgz 2521ms (cache miss)
npm http fetch GET 200 https://registry.npmjs.org/semver/-/semver-6.3.1.tgz 2529ms (cache miss)
npm http fetch GET 200 https://registry.npmjs.org/@jridgewell/gen-mapping/-/gen-mapping-0.3.13.tgz 2533ms (cache miss)
npm http fetch GET 200 https://registry.npmjs.org/json5/-/json5-2.2.3.tgz 2530ms (cache miss)
npm http fetch GET 200 https://registry.npmjs.org/debug/-/debug-4.4.3.tgz 2548ms (cache miss)
npm http fetch GET 200 https://registry.npmjs.org/@jridgewell/remapping/-/remapping-2.3.5.tgz 2549ms (cache miss)
npm http fetch GET 200 https://registry.npmjs.org/@babel/parser/-/parser-7.29.0.tgz 2581ms (cache miss)
npm http fetch GET 200 https://registry.npmjs.org/@babel/traverse/-/traverse-7.29.0.tgz 2582ms (cache miss)
npm http fetch GET 200 https://registry.npmjs.org/@babel/types/-/types-7.29.0.tgz 2641ms (cache miss)
npm http fetch GET 200 https://registry.npmjs.org/@babel/helper-module-transforms/-/helper-module-transforms-7.28.6.tgz 2654ms (cache miss)
npm http fetch GET 200 https://registry.npmjs.org/@babel/helper-compilation-targets/-/helper-compilation-targets-7.28.6.tgz 2661ms (cache miss)
npm http fetch GET 200 https://registry.npmjs.org/react-refresh/-/react-refresh-0.17.0.tgz 2660ms (cache miss)
npm http fetch GET 200 https://registry.npmjs.org/@babel/code-frame/-/code-frame-7.29.0.tgz 2661ms (cache miss)
npm http fetch GET 200 https://registry.npmjs.org/@babel/helpers/-/helpers-7.28.6.tgz 2667ms (cache miss)
npm http fetch GET 200 https://registry.npmjs.org/@babel/plugin-transform-react-jsx-self/-/plugin-transform-react-jsx-self-7.27.1.tgz 2677ms (cache miss)
npm http fetch GET 200 https://registry.npmjs.org/@rolldown/pluginutils/-/pluginutils-1.0.0-beta.27.tgz 2684ms (cache miss)
npm http fetch GET 200 https://registry.npmjs.org/@types/prop-types/-/prop-types-15.7.15.tgz 2690ms (cache miss)
npm http fetch GET 200 https://registry.npmjs.org/@types/babel__core/-/babel__core-7.20.5.tgz 2702ms (cache miss)
npm http fetch GET 200 https://registry.npmjs.org/@babel/plugin-transform-react-jsx-source/-/plugin-transform-react-jsx-source-7.27.1.tgz 2727ms (cache miss)
npm http fetch GET 200 https://registry.npmjs.org/@babel/generator/-/generator-7.29.1.tgz 2732ms (cache miss)
npm http fetch GET 200 https://registry.npmjs.org/eslint-plugin-react-refresh/-/eslint-plugin-react-refresh-0.4.26.tgz 2725ms (cache miss)
npm http fetch GET 200 https://registry.npmjs.org/eslint-plugin-react-hooks/-/eslint-plugin-react-hooks-4.6.2.tgz 2727ms (cache miss)
npm http fetch GET 200 https://registry.npmjs.org/react/-/react-18.3.1.tgz 2729ms (cache miss)
npm http fetch GET 200 https://registry.npmjs.org/eslint/-/eslint-8.57.1.tgz 2832ms (cache miss)
npm WARN deprecated eslint@8.57.1: This version is no longer supported. Please see https://eslint.org/version-support for other options.
npm http fetch GET 200 https://registry.npmjs.org/eslint-plugin-react/-/eslint-plugin-react-7.37.5.tgz 2856ms (cache miss)
npm http fetch GET 200 https://registry.npmjs.org/@types/react-dom/-/react-dom-18.3.7.tgz 2897ms (cache miss)
npm http fetch GET 200 https://registry.npmjs.org/doctrine/-/doctrine-2.1.0.tgz 2898ms (cache miss)
npm http fetch GET 200 https://registry.npmjs.org/@vitejs/plugin-react/-/plugin-react-4.7.0.tgz 2899ms (cache miss)
npm http fetch GET 200 https://registry.npmjs.org/@babel/template/-/template-7.28.6.tgz 2935ms (cache miss)
npm http fetch GET 200 https://registry.npmjs.org/@types/react/-/react-18.3.28.tgz 2951ms (cache miss)
npm http fetch GET 200 https://registry.npmjs.org/@babel/core/-/core-7.29.0.tgz 2957ms (cache miss)
npm http fetch GET 200 https://registry.npmjs.org/react-dom/-/react-dom-18.3.1.tgz 3006ms (cache miss)
npm http fetch GET 200 https://registry.npmjs.org/vite/-/vite-5.4.21.tgz 3178ms (cache miss)
npm info run esbuild@0.21.5 postinstall node_modules/esbuild node install.js
npm info run esbuild@0.21.5 postinstall { code: 0, signal: null }

added 279 packages, and audited 280 packages in 43s

111 packages are looking for funding
  run `npm fund` for details

11 vulnerabilities (2 moderate, 9 high)

To address all issues (including breaking changes), run:
  npm audit fix --force

Run `npm audit` for details.
npm verb exit 0
npm info ok 
